1778082326: mosquitto version 2.1.2 starting
1778082326: Config loaded from /mosquitto/config/mosquitto.conf.
1778082326: Bridge support available.
1778082326: Persistence support available.
1778082326: TLS support available.
1778082326: TLS-PSK support available.
1778082326: Websockets support available.
1778082326: Opening ipv4 listen socket on port 1883.
1778082326: Opening ipv6 listen socket on port 1883.
1778082326: mosquitto version 2.1.2 running
1778082340: New connection from ::1:46086 on port 1883.
1778082340: New client connected from ::1:46086 as auto-D0FE2D3D-B10C-156A-CBE7-1B06906505C7 (p4, c1, k60).
1778082340: Client auto-D0FE2D3D-B10C-156A-CBE7-1B06906505C7 [::1:46086] disconnected.
1778082345: New connection from ::1:53394 on port 1883.
1778082345: New client connected from ::1:53394 as auto-19925CAF-ABBC-990B-EF43-5622C1F766DD (p4, c1, k60).
1778082349: New connection from ::1:53410 on port 1883.
1778082349: New client connected from ::1:53410 as auto-943A03D6-B98A-A2C9-BC1B-D09F531E0078 (p4, c1, k60).
1778082349: Client auto-943A03D6-B98A-A2C9-BC1B-D09F531E0078 [::1:53410] disconnected.
1778083254: New connection from ::1:48882 on port 1883.
1778083254: New client connected from ::1:48882 as auto-99F76533-6B42-E72F-B675-ADC192BA4D6C (p4, c1, k60).
1778083259: New connection from 172.19.0.1:32958 on port 1883.
1778083259: New client connected from 172.19.0.1:32958 as auto-8DD953C8-33CC-D0B9-78AD-11318FE67335 (p4, c1, k60).
1778083890: Client auto-99F76533-6B42-E72F-B675-ADC192BA4D6C [::1:48882] disconnected.
1778084288: Saving in-memory database to /mosquitto/data//mosquitto.db.
1778084381: Client auto-8DD953C8-33CC-D0B9-78AD-11318FE67335 [172.19.0.1:32958] disconnected: connection closed by client.
1778086257: Saving in-memory database to /mosquitto/data//mosquitto.db.
1778088226: Saving in-memory database to /mosquitto/data//mosquitto.db.
1778090194: Saving in-memory database to /mosquitto/data//mosquitto.db.
1778092159: Saving in-memory database to /mosquitto/data//mosquitto.db.
1778094125: Saving in-memory database to /mosquitto/data//mosquitto.db.
1778096086: Saving in-memory database to /mosquitto/data//mosquitto.db.
1778098044: Saving in-memory database to /mosquitto/data//mosquitto.db.
1778100000: Saving in-memory database to /mosquitto/data//mosquitto.db.
1778101954: Saving in-memory database to /mosquitto/data//mosquitto.db.
1778317002: mosquitto version 2.1.2 starting
1778317002: Config loaded from /mosquitto/config/mosquitto.conf.
1778317002: Bridge support available.
1778317002: Persistence support available.
1778317002: TLS support available.
1778317002: TLS-PSK support available.
1778317002: Websockets support available.
1778317002: Opening ipv4 listen socket on port 1883.
1778317002: Opening ipv6 listen socket on port 1883.
1778317002: mosquitto version 2.1.2 running
1778317360: mosquitto version 2.1.2 terminating
1778317360: Saving in-memory database to /mosquitto/data//mosquitto.db.
1778318104: mosquitto version 2.1.2 starting
1778318104: Config loaded from /mosquitto/config/mosquitto.conf.
1778318104: Bridge support available.
1778318104: Persistence support available.
1778318104: TLS support available.
1778318104: TLS-PSK support available.
1778318104: Websockets support available.
1778318104: Opening ipv4 listen socket on port 1883.
1778318104: Opening ipv6 listen socket on port 1883.
1778318104: mosquitto version 2.1.2 running
1778318176: mosquitto version 2.1.2 terminating
1778318176: Saving in-memory database to /mosquitto/data//mosquitto.db.
1778321609: mosquitto version 2.1.2 starting
1778321609: Config loaded from /mosquitto/config/mosquitto.conf.
1778321609: Bridge support available.
1778321609: Persistence support available.
1778321609: TLS support available.
1778321609: TLS-PSK support available.
1778321609: Websockets support available.
1778321609: Opening ipv4 listen socket on port 1883.
1778321609: Opening ipv6 listen socket on port 1883.
1778321609: mosquitto version 2.1.2 running
1778321675: mosquitto version 2.1.2 terminating
1778321675: Saving in-memory database to /mosquitto/data//mosquitto.db.
1778321685: mosquitto version 2.1.2 starting
1778321685: Config loaded from /mosquitto/config/mosquitto.conf.
1778321685: Bridge support available.
1778321685: Persistence support available.
1778321685: TLS support available.
1778321685: TLS-PSK support available.
1778321685: Websockets support available.
1778321685: Opening ipv4 listen socket on port 1883.
1778321685: Opening ipv6 listen socket on port 1883.
1778321685: mosquitto version 2.1.2 running
1778321769: mosquitto version 2.1.2 terminating
1778321769: Saving in-memory database to /mosquitto/data//mosquitto.db.
1778322020: mosquitto version 2.1.2 starting
1778322020: Config loaded from /mosquitto/config/mosquitto.conf.
1778322020: Bridge support available.
1778322020: Persistence support available.
1778322020: TLS support available.
1778322020: TLS-PSK support available.
1778322020: Websockets support available.
1778322020: Opening ipv4 listen socket on port 1883.
1778322020: Opening ipv6 listen socket on port 1883.
1778322020: mosquitto version 2.1.2 running
1778322348: mosquitto version 2.1.2 terminating
1778322348: Saving in-memory database to /mosquitto/data//mosquitto.db.
1778322900: mosquitto version 2.1.2 starting
1778322900: Config loaded from /mosquitto/config/mosquitto.conf.
1778322900: Bridge support available.
1778322900: Persistence support available.
1778322900: TLS support available.
1778322900: TLS-PSK support available.
1778322900: Websockets support available.
1778322900: Opening ipv4 listen socket on port 1883.
1778322900: Opening ipv6 listen socket on port 1883.
1778322900: mosquitto version 2.1.2 running
1778323316: mosquitto version 2.1.2 terminating
1778323316: Saving in-memory database to /mosquitto/data//mosquitto.db.
